<?xml version="1.0" encoding="UTF-8"?>
<!-- Generated by org.testng.reporters.JUnitReportReporter -->
<testsuite hostname="Himanshu-Sah" failures="0" tests="1" name="script.DemoQA" time="20.642" errors="0" timestamp="2022-07-26T12:33:07 IST" skipped="0">
  <testcase classname="script.DemoQA" name="Script" time="20.642"/>
  <system-out/>
</testsuite> <!-- script.DemoQA -->
