<?xml version="1.0" encoding="UTF-8"?>
<!-- Generated by org.testng.reporters.JUnitReportReporter -->
<testsuite hostname="Himanshu-Sah" failures="0" tests="1" name="script.Facebook" time="15.460" errors="0" timestamp="2022-07-26T12:35:10 IST" skipped="0">
  <testcase classname="script.Facebook" name="Script" time="15.460"/>
  <system-out/>
</testsuite> <!-- script.Facebook -->
